Jan 31, 2025 3:53:18 PM uk.ac.soton.comp2211.App main
INFO: Application started.
Jan 31, 2025 3:53:18 PM com.sun.javafx.application.PlatformImpl startup
WARNING: Unsupported JavaFX configuration: classes were loaded from 'unnamed module @16e4b1b4'
Jan 31, 2025 3:53:18 PM uk.ac.soton.comp2211.App openApp
INFO: Opening login page
Jan 31, 2025 3:53:18 PM uk.ac.soton.comp2211.UI.AppWindow startTool
INFO: Starting the tool
Jan 31, 2025 3:53:19 PM uk.ac.soton.comp2211.UI.AppWindow cleanup
INFO: Clearing up previous scene
Jan 31, 2025 3:53:19 PM uk.ac.soton.comp2211.scene.MainScene build
INFO: Building uk.ac.soton.comp2211.scene.MainScene
Jan 31, 2025 3:53:19 PM javafx.fxml.FXMLLoader$ValueElement processValue
WARNING: Loading FXML document with JavaFX API of version 21 by JavaFX runtime of version 17.0.0.1
Jan 31, 2025 3:53:19 PM com.mongodb.internal.diagnostics.logging.Loggers shouldUseSLF4J
WARNING: SLF4J not found on the classpath.  Logging is disabled for the 'org.mongodb.driver' component
Jan 31, 2025 3:53:20 PM uk.ac.soton.comp2211.Utility.DBUtils isDbConnected
INFO: Connected to the database
Jan 31, 2025 3:53:20 PM uk.ac.soton.comp2211.scene.MainScene initialise
INFO: initialising the menu scene
Jan 31, 2025 3:53:22 PM javafx.fxml.FXMLLoader$ValueElement processValue
WARNING: Loading FXML document with JavaFX API of version 21 by JavaFX runtime of version 17.0.0.1
Jan 31, 2025 3:53:22 PM uk.ac.soton.comp2211.Utility.DBUtils isDbConnected
INFO: Connected to the database
Jan 31, 2025 3:53:38 PM uk.ac.soton.comp2211.model.Database insertUser
INFO: User inserted successfully
Jan 31, 2025 3:53:38 PM uk.ac.soton.comp2211.control.SignUpController signUpUser
INFO: User registered successfully
Jan 31, 2025 3:53:38 PM javafx.fxml.FXMLLoader$ValueElement processValue
WARNING: Loading FXML document with JavaFX API of version 21 by JavaFX runtime of version 17.0.0.1
Jan 31, 2025 3:53:38 PM uk.ac.soton.comp2211.Utility.DBUtils isDbConnected
INFO: Connected to the database
Jan 31, 2025 3:53:43 PM uk.ac.soton.comp2211.control.LoginController performLogin
INFO: User exists
Jan 31, 2025 3:53:43 PM uk.ac.soton.comp2211.model.Database checkPassword
INFO: Checking password for user: sarveshmina777
Jan 31, 2025 3:53:43 PM uk.ac.soton.comp2211.model.Database checkPassword
INFO: Password is correct
Jan 31, 2025 3:53:43 PM uk.ac.soton.comp2211.control.LoginController performLogin
INFO: Password is correct
Jan 31, 2025 3:53:43 PM uk.ac.soton.comp2211.control.LoginController performLogin
INFO: User sarveshmina777 logged in successfully
Jan 31, 2025 3:53:43 PM uk.ac.soton.comp2211.UI.AppWindow startTool
INFO: Starting the tool
Jan 31, 2025 3:53:43 PM uk.ac.soton.comp2211.UI.AppWindow cleanup
INFO: Clearing up previous scene
Jan 31, 2025 3:53:43 PM uk.ac.soton.comp2211.scene.MainScene build
INFO: Building uk.ac.soton.comp2211.scene.MainScene
Jan 31, 2025 3:53:43 PM javafx.fxml.FXMLLoader$ValueElement processValue
WARNING: Loading FXML document with JavaFX API of version 21 by JavaFX runtime of version 17.0.0.1
Jan 31, 2025 3:53:43 PM uk.ac.soton.comp2211.Utility.DBUtils isDbConnected
INFO: Connected to the database
Jan 31, 2025 3:53:43 PM uk.ac.soton.comp2211.scene.MainScene initialise
INFO: initialising the menu scene
Jan 31, 2025 3:53:43 PM uk.ac.soton.comp2211.scene.MainScene build
INFO: Building uk.ac.soton.comp2211.scene.MainScene
Jan 31, 2025 3:53:43 PM uk.ac.soton.comp2211.scene.MainScene initialise
INFO: initialising the menu scene
Jan 31, 2025 3:54:02 PM javafx.fxml.FXMLLoader$ValueElement processValue
WARNING: Loading FXML document with JavaFX API of version 21 by JavaFX runtime of version 17.0.0.1
Jan 31, 2025 3:54:03 PM uk.ac.soton.comp2211.Utility.DBUtils isDbConnected
INFO: Connected to the database
Jan 31, 2025 3:54:23 PM uk.ac.soton.comp2211.control.LoginController performLogin
INFO: User exists
Jan 31, 2025 3:54:23 PM uk.ac.soton.comp2211.model.Database checkPassword
INFO: Checking password for user: sarveshmina777
Jan 31, 2025 3:54:23 PM uk.ac.soton.comp2211.model.Database checkPassword
INFO: Password is correct
Jan 31, 2025 3:54:23 PM uk.ac.soton.comp2211.control.LoginController performLogin
INFO: Password is correct
Jan 31, 2025 3:54:23 PM uk.ac.soton.comp2211.control.LoginController performLogin
INFO: User sarveshmina777 logged in successfully
Jan 31, 2025 3:54:23 PM uk.ac.soton.comp2211.UI.AppWindow startTool
INFO: Starting the tool
Jan 31, 2025 3:54:23 PM uk.ac.soton.comp2211.UI.AppWindow cleanup
INFO: Clearing up previous scene
Jan 31, 2025 3:54:23 PM uk.ac.soton.comp2211.scene.MainScene build
INFO: Building uk.ac.soton.comp2211.scene.MainScene
Jan 31, 2025 3:54:23 PM javafx.fxml.FXMLLoader$ValueElement processValue
WARNING: Loading FXML document with JavaFX API of version 21 by JavaFX runtime of version 17.0.0.1
Jan 31, 2025 3:54:23 PM uk.ac.soton.comp2211.Utility.DBUtils isDbConnected
INFO: Connected to the database
Jan 31, 2025 3:54:23 PM uk.ac.soton.comp2211.scene.MainScene initialise
INFO: initialising the menu scene
Jan 31, 2025 3:54:23 PM uk.ac.soton.comp2211.scene.MainScene build
INFO: Building uk.ac.soton.comp2211.scene.MainScene
Jan 31, 2025 3:54:23 PM uk.ac.soton.comp2211.scene.MainScene initialise
INFO: initialising the menu scene
Jan 31, 2025 3:54:25 PM javafx.fxml.FXMLLoader$ValueElement processValue
WARNING: Loading FXML document with JavaFX API of version 21 by JavaFX runtime of version 17.0.0.1
Jan 31, 2025 3:54:31 PM uk.ac.soton.comp2211.model.Database updateUser
INFO: User updated successfully
Jan 31, 2025 3:55:05 PM javafx.fxml.FXMLLoader$ValueElement processValue
WARNING: Loading FXML document with JavaFX API of version 21 by JavaFX runtime of version 17.0.0.1
Jan 31, 2025 3:55:16 PM uk.ac.soton.comp2211.scene.MainScene lambda$build$5
INFO: Recalculate button pressed
Jan 31, 2025 3:55:16 PM uk.ac.soton.comp2211.scene.MainScene recalculate
INFO: Recalculating
Jan 31, 2025 3:55:16 PM uk.ac.soton.comp2211.model.Calculation calculateTakeOffAwayLandingOver
INFO: Calculating for Landing Over and Take-Off Away
Jan 31, 2025 3:55:16 PM uk.ac.soton.comp2211.model.Calculation calcLandingOver
INFO: Calculating LDA for Landing Over
Jan 31, 2025 3:55:16 PM uk.ac.soton.comp2211.model.Calculation calcTOAway
INFO: Calculating TORA, TODA and ASDA for Take-Off Away
Jan 31, 2025 3:55:46 PM javafx.fxml.FXMLLoader$ValueElement processValue
WARNING: Loading FXML document with JavaFX API of version 21 by JavaFX runtime of version 17.0.0.1
Jan 31, 2025 3:55:56 PM javafx.fxml.FXMLLoader$ValueElement processValue
WARNING: Loading FXML document with JavaFX API of version 21 by JavaFX runtime of version 17.0.0.1
Jan 31, 2025 3:56:19 PM javafx.fxml.FXMLLoader$ValueElement processValue
WARNING: Loading FXML document with JavaFX API of version 21 by JavaFX runtime of version 17.0.0.1
Jan 31, 2025 3:56:19 PM uk.ac.soton.comp2211.Utility.DBUtils isDbConnected
INFO: Connected to the database
Jan 31, 2025 3:59:26 PM uk.ac.soton.comp2211.App shutdown
INFO: Application shutting down.
